<?xml version="1.0" encoding="UTF-8"?>
<testsuite name="com.dyjung.book.dto.HelloResponseDtoTest" tests="1" skipped="0" failures="0" errors="0" timestamp="2020-12-08T07:48:25" hostname="DuckYoungui-MacBookPro.local" time="0.05">
  <properties/>
  <testcase name="롬복_기능_테스트" classname="com.dyjung.book.dto.HelloResponseDtoTest" time="0.05"/>
  <system-out><![CDATA[]]></system-out>
  <system-err><![CDATA[]]></system-err>
</testsuite>
